<?xml version="1.0" encoding="UTF-8"?>
<!-- Generated by org.testng.reporters.JUnitReportReporter -->
<testsuite hostname="DESKTOP-LAFM9KP" failures="0" tests="1" name="scripts.TestCase_2" time="16.686" errors="0" timestamp="2023-10-12T00:20:55 GST" skipped="0">
  <testcase classname="scripts.TestCase_2" name="tc2" time="16.686"/>
</testsuite> <!-- scripts.TestCase_2 -->
