<?xml version="1.0" encoding="UTF-8"?>
<!-- Generated by org.testng.reporters.JUnitReportReporter -->
<testsuite hostname="DESKTOP-LAFM9KP" failures="0" tests="1" name="scripts.TestCase1" time="28.071" errors="0" timestamp="2023-10-12T00:07:28 GST" skipped="0">
  <testcase classname="scripts.TestCase1" name="tc1" time="28.071"/>
</testsuite> <!-- scripts.TestCase1 -->
